{"name":"validateSecondElementIsNotInJson","status":"failed","statusDetails":{"known":false,"muted":false,"flaky":false,"message":"expected [org.json.JSONException: JSONArray[1] not found.] but found [org.json.JSONException: JSONObject[\"result\"] not found.]","trace":"java.lang.AssertionError: expected [org.json.JSONException: JSONArray[1] not found.] but found [org.json.JSONException: JSONObject[\"result\"] not found.]\r\n\tat org.testng.Assert.fail(Assert.java:96)\r\n\tat org.testng.Assert.failNotEquals(Assert.java:776)\r\n\tat org.testng.Assert.assertEqualsImpl(Assert.java:137)\r\n\tat org.testng.Assert.assertEquals(Assert.java:118)\r\n\tat org.testng.Assert.assertEquals(Assert.java:453)\r\n\tat org.testng.Assert.assertEquals(Assert.java:463)\r\n\tat com.postcodes.tests.Get_Postcodes.validateSecondElementIsNotInJson(Get_Postcodes.java:125)\r\n\tat java.base/jdk.internal.reflect.NativeMethodAccessorImpl.invoke0(Native Method)\r\n\tat java.base/jdk.internal.reflect.NativeMethodAccessorImpl.invoke(NativeMethodAccessorImpl.java:62)\r\n\tat java.base/jdk.internal.reflect.DelegatingMethodAccessorImpl.invoke(DelegatingMethodAccessorImpl.java:43)\r\n\tat java.base/java.lang.reflect.Method.invoke(Method.java:567)\r\n\tat org.testng.internal.MethodInvocationHelper.invokeMethod(MethodInvocationHelper.java:124)\r\n\tat org.testng.internal.Invoker.invokeMethod(Invoker.java:580)\r\n\tat org.testng.internal.Invoker.invokeTestMethod(Invoker.java:716)\r\n\tat org.testng.internal.Invoker.invokeTestMethods(Invoker.java:988)\r\n\tat org.testng.internal.TestMethodWorker.invokeTestMethods(TestMethodWorker.java:125)\r\n\tat org.testng.internal.TestMethodWorker.run(TestMethodWorker.java:109)\r\n\tat org.testng.TestRunner.privateRun(TestRunner.java:648)\r\n\tat org.testng.TestRunner.run(TestRunner.java:505)\r\n\tat org.testng.SuiteRunner.runTest(SuiteRunner.java:455)\r\n\tat org.testng.SuiteRunner.runSequentially(SuiteRunner.java:450)\r\n\tat org.testng.SuiteRunner.privateRun(SuiteRunner.java:415)\r\n\tat org.testng.SuiteRunner.run(SuiteRunner.java:364)\r\n\tat org.testng.SuiteRunnerWorker.runSuite(SuiteRunnerWorker.java:52)\r\n\tat org.testng.SuiteRunnerWorker.run(SuiteRunnerWorker.java:84)\r\n\tat org.testng.TestNG.runSuitesSequentially(TestNG.java:1208)\r\n\tat org.testng.TestNG.runSuitesLocally(TestNG.java:1137)\r\n\tat org.testng.TestNG.runSuites(TestNG.java:1049)\r\n\tat org.testng.TestNG.run(TestNG.java:1017)\r\n\tat org.testng.IDEARemoteTestNG.run(IDEARemoteTestNG.java:73)\r\n\tat org.testng.RemoteTestNGStarter.main(RemoteTestNGStarter.java:123)\r\n"},"stage":"finished","steps":[],"attachments":[],"parameters":[],"start":1591809490593,"stop":1591809490654,"uuid":"197daaf2-9224-44bd-8a6e-7bce822ba078","historyId":"c154fd2d5a9dbcef2a2339d6fdcbb44a","fullName":"com.postcodes.tests.Get_Postcodes.validateSecondElementIsNotInJson","labels":[{"name":"package","value":"com.postcodes.tests.Get_Postcodes"},{"name":"testClass","value":"com.postcodes.tests.Get_Postcodes"},{"name":"testMethod","value":"validateSecondElementIsNotInJson"},{"name":"parentSuite","value":"Testing"},{"name":"suite","value":"Testing"},{"name":"subSuite","value":"com.postcodes.tests.Get_Postcodes"},{"name":"host","value":"L19UK0347"},{"name":"thread","value":"12564@L19UK0347.main(1)"}],"links":[]}